[debug] [2022-05-09T12:27:42.559Z] ----------------------------------------------------------------------
[debug] [2022-05-09T12:27:42.563Z] Command:       C:\Program Files\nodejs\node.exe C:\Users\Shamim\AppData\Roaming\npm\node_modules\firebase-tools\lib\bin\firebase.js deploy
[debug] [2022-05-09T12:27:42.565Z] CLI Version:   10.8.0
[debug] [2022-05-09T12:27:42.565Z] Platform:      win32
[debug] [2022-05-09T12:27:42.566Z] Node Version:  v16.14.0
[debug] [2022-05-09T12:27:42.606Z] Time:          Mon May 09 2022 18:27:42 GMT+0600 (Bangladesh Standard Time)
[debug] [2022-05-09T12:27:42.607Z] ----------------------------------------------------------------------
[debug] 
[debug] [2022-05-09T12:27:42.835Z] >>> [apiv2][query] GET https://firebase.googleapis.com/v1beta1/projects/undefined [none]
[debug] [2022-05-09T12:27:43.844Z] <<< [apiv2][status] GET https://firebase.googleapis.com/v1beta1/projects/undefined 403
[debug] [2022-05-09T12:27:43.845Z] <<< [apiv2][body] GET https://firebase.googleapis.com/v1beta1/projects/undefined {"error":{"code":403,"message":"The caller does not have permission","status":"PERMISSION_DENIED"}}
[debug] [2022-05-09T12:27:43.848Z] HTTP Error: 403, The caller does not have permission
[debug] [2022-05-09T12:27:44.442Z] FirebaseError: HTTP Error: 403, The caller does not have permission
    at module.exports (C:\Users\Shamim\AppData\Roaming\npm\node_modules\firebase-tools\lib\responseToError.js:47:12)
    at RetryOperation._fn (C:\Users\Shamim\AppData\Roaming\npm\node_modules\firebase-tools\lib\apiv2.js:286:39)
    at processTicksAndRejections (node:internal/process/task_queues:96:5)
[error] 
[error] Error: Failed to get Firebase project undefined. Please make sure the project exists and your account has permission to access it.
[debug] [2022-05-09T12:48:05.499Z] ----------------------------------------------------------------------
[debug] [2022-05-09T12:48:05.502Z] Command:       C:\Program Files\nodejs\node.exe C:\Users\Shamim\AppData\Roaming\npm\node_modules\firebase-tools\lib\bin\firebase.js deploy
[debug] [2022-05-09T12:48:05.503Z] CLI Version:   10.8.0
[debug] [2022-05-09T12:48:05.504Z] Platform:      win32
[debug] [2022-05-09T12:48:05.504Z] Node Version:  v16.14.0
[debug] [2022-05-09T12:48:05.511Z] Time:          Mon May 09 2022 18:48:05 GMT+0600 (Bangladesh Standard Time)
[debug] [2022-05-09T12:48:05.512Z] ----------------------------------------------------------------------
[debug] 
[debug] [2022-05-09T12:48:05.658Z] >>> [apiv2][query] GET https://firebase.googleapis.com/v1beta1/projects/undefined [none]
[debug] [2022-05-09T12:48:07.091Z] <<< [apiv2][status] GET https://firebase.googleapis.com/v1beta1/projects/undefined 403
[debug] [2022-05-09T12:48:07.091Z] <<< [apiv2][body] GET https://firebase.googleapis.com/v1beta1/projects/undefined {"error":{"code":403,"message":"The caller does not have permission","status":"PERMISSION_DENIED"}}
[debug] [2022-05-09T12:48:07.094Z] HTTP Error: 403, The caller does not have permission
[debug] [2022-05-09T12:48:08.060Z] FirebaseError: HTTP Error: 403, The caller does not have permission
    at module.exports (C:\Users\Shamim\AppData\Roaming\npm\node_modules\firebase-tools\lib\responseToError.js:47:12)
    at RetryOperation._fn (C:\Users\Shamim\AppData\Roaming\npm\node_modules\firebase-tools\lib\apiv2.js:286:39)
    at processTicksAndRejections (node:internal/process/task_queues:96:5)
[error] 
[error] Error: Failed to get Firebase project undefined. Please make sure the project exists and your account has permission to access it.
